<?xml version="1.0" encoding="UTF-8"?>
<robot generator="Robot 7.0 (Python 3.11.0 on win32)" generated="2024-03-28T18:36:55.809695" rpa="false" schemaversion="5">
<suite id="s1" name="Compratestebdd" source="C:\CursoUdemy\RobotFramework\compras\compratestebdd.robot">
<test id="s1-t1" name="Caso de teste 04 -Remover Produto do Carrinho" line="19">
<kw name="Abrir o navegador" owner="comprabdd_resource" type="SETUP">
<kw name="Open Browser" owner="SeleniumLibrary">
<msg time="2024-03-28T18:36:55.961471" level="INFO">Opening browser 'chrome' to base url 'None'.</msg>
<arg>browser=chrome</arg>
<doc>Opens a new browser instance to the optional ``url``.</doc>
<status status="PASS" start="2024-03-28T18:36:55.961471" elapsed="1.243009"/>
</kw>
<kw name="Maximize Browser Window" owner="SeleniumLibrary">
<doc>Maximizes current browser window.</doc>
<status status="PASS" start="2024-03-28T18:36:57.205339" elapsed="0.151143"/>
</kw>
<status status="PASS" start="2024-03-28T18:36:55.960663" elapsed="1.395819"/>
</kw>
<kw name="Dado que acesso a home page do site amazon.com.br" owner="comprabdd_resource">
<kw name="Go To" owner="SeleniumLibrary">
<msg time="2024-03-28T18:36:57.363463" level="INFO">Opening url 'https://www.amazon.com.br/'</msg>
<arg>url=${URL}</arg>
<doc>Navigates the current browser window to the provided ``url``.</doc>
<status status="PASS" start="2024-03-28T18:36:57.361470" elapsed="3.305799"/>
</kw>
<status status="PASS" start="2024-03-28T18:36:57.359476" elapsed="3.307793"/>
</kw>
<kw name="Quando digitar o nome do produto &quot;Xbox Series S&quot; no campo de pesquisa" owner="comprabdd_resource">
<kw name="Input Text" owner="SeleniumLibrary">
<msg time="2024-03-28T18:37:00.668266" level="INFO">Typing text 'Xbox Series S' into text field 'twotabsearchtextbox'.</msg>
<arg>locator=twotabsearchtextbox</arg>
<arg>text=Xbox Series S</arg>
<doc>Types the given ``text`` into the text field identified by ``locator``.</doc>
<status status="PASS" start="2024-03-28T18:37:00.668266" elapsed="0.201180"/>
</kw>
<status status="PASS" start="2024-03-28T18:37:00.667269" elapsed="0.202177"/>
</kw>
<kw name="Então clicar no botão pesquisa" owner="comprabdd_resource">
<kw name="Click Element" owner="SeleniumLibrary">
<msg time="2024-03-28T18:37:00.871447" level="INFO">Clicking element 'nav-search-submit-button'.</msg>
<arg>locator=nav-search-submit-button</arg>
<doc>Click the element identified by ``locator``.</doc>
<status status="PASS" start="2024-03-28T18:37:00.870469" elapsed="1.957105"/>
</kw>
<status status="PASS" start="2024-03-28T18:37:00.869446" elapsed="1.959125"/>
</kw>
<kw name="E verificar o resultado da pesquisa se está listando o produto &quot;Console Xbox Series S&quot;" owner="comprabdd_resource">
<kw name="Wait Until Element Is Visible" owner="SeleniumLibrary">
<arg>locator=${VERIFICACAO}</arg>
<doc>Waits until the element ``locator`` is visible.</doc>
<status status="PASS" start="2024-03-28T18:37:02.829574" elapsed="0.037076"/>
</kw>
<status status="PASS" start="2024-03-28T18:37:02.828571" elapsed="0.038079"/>
</kw>
<kw name="E clicar em: &quot;Console Xbox Series S&quot;" owner="comprabdd_resource">
<kw name="Click Element" owner="SeleniumLibrary">
<msg time="2024-03-28T18:37:02.867647" level="INFO">Clicking element '//img[contains(@alt,'Console Xbox Series S')]'.</msg>
<arg>locator=${CONSOLE}</arg>
<doc>Click the element identified by ``locator``.</doc>
<status status="PASS" start="2024-03-28T18:37:02.867647" elapsed="4.072710"/>
</kw>
<status status="PASS" start="2024-03-28T18:37:02.867647" elapsed="4.072710"/>
</kw>
<kw name="E adicionar o produto &quot;Console Xbox Series S&quot; no carrinho" owner="comprabdd_resource">
<kw name="Click Button" owner="SeleniumLibrary">
<msg time="2024-03-28T18:37:06.942333" level="INFO">Clicking button 'add-to-cart-button'.</msg>
<arg>locator=add-to-cart-button</arg>
<doc>Clicks the button identified by ``locator``.</doc>
<status status="PASS" start="2024-03-28T18:37:06.941337" elapsed="4.681091"/>
</kw>
<status status="PASS" start="2024-03-28T18:37:06.941337" elapsed="4.681091"/>
</kw>
<kw name="E verificar se o produto &quot;Console Xbox Series S&quot; foi adicionado com sucesso" owner="comprabdd_resource">
<kw name="Wait Until Element Is Visible" owner="SeleniumLibrary">
<arg>locator=${SUCESSO}</arg>
<doc>Waits until the element ``locator`` is visible.</doc>
<status status="PASS" start="2024-03-28T18:37:11.623426" elapsed="0.055848"/>
</kw>
<status status="PASS" start="2024-03-28T18:37:11.623426" elapsed="0.055848"/>
</kw>
<kw name="E ir para o carrinho" owner="comprabdd_resource">
<kw name="Wait Until Element Is Visible" owner="SeleniumLibrary">
<arg>locator=${CARRINHO}</arg>
<doc>Waits until the element ``locator`` is visible.</doc>
<status status="PASS" start="2024-03-28T18:37:11.680272" elapsed="0.026292"/>
</kw>
<status status="PASS" start="2024-03-28T18:37:11.679706" elapsed="0.026858"/>
</kw>
<kw name="E clicar no botão &quot;Ir para o carrinho&quot;" owner="comprabdd_resource">
<kw name="Click Element" owner="SeleniumLibrary">
<msg time="2024-03-28T18:37:11.707561" level="INFO">Clicking element '//a[@data-csa-c-type='button']'.</msg>
<arg>locator=${CARRINHO}</arg>
<doc>Click the element identified by ``locator``.</doc>
<status status="PASS" start="2024-03-28T18:37:11.707561" elapsed="1.390068"/>
</kw>
<status status="PASS" start="2024-03-28T18:37:11.706564" elapsed="1.391065"/>
</kw>
<kw name="E verificar o item &quot;Exluir&quot;" owner="comprabdd_resource">
<kw name="Wait Until Element Is Visible" owner="SeleniumLibrary">
<arg>locator=${EXCLUIR}</arg>
<doc>Waits until the element ``locator`` is visible.</doc>
<status status="PASS" start="2024-03-28T18:37:13.097629" elapsed="0.026928"/>
</kw>
<status status="PASS" start="2024-03-28T18:37:13.097629" elapsed="0.026928"/>
</kw>
<kw name="E remover o produto &quot;Console Xbox Series S&quot; do carrinho" owner="comprabdd_resource">
<kw name="Click Element" owner="SeleniumLibrary">
<msg time="2024-03-28T18:37:13.125554" level="INFO">Clicking element '//input[@value='Excluir']'.</msg>
<arg>locator=${EXCLUIR}</arg>
<doc>Click the element identified by ``locator``.</doc>
<status status="PASS" start="2024-03-28T18:37:13.125554" elapsed="0.093919"/>
</kw>
<status status="PASS" start="2024-03-28T18:37:13.125554" elapsed="0.093919"/>
</kw>
<kw name="E verificar se o carrinho fica vazio" owner="comprabdd_resource">
<kw name="Wait Until Element Is Visible" owner="SeleniumLibrary">
<arg>locator=${VAZIO}</arg>
<doc>Waits until the element ``locator`` is visible.</doc>
<status status="PASS" start="2024-03-28T18:37:13.220470" elapsed="0.453686"/>
</kw>
<status status="PASS" start="2024-03-28T18:37:13.220470" elapsed="0.453686"/>
</kw>
<kw name="Fechar o navegador" owner="comprabdd_resource" type="TEARDOWN">
<kw name="Capture Page Screenshot" owner="SeleniumLibrary">
<msg time="2024-03-28T18:37:13.783366" level="INFO" html="true">&lt;/td&gt;&lt;/tr&gt;&lt;tr&gt;&lt;td colspan="3"&gt;&lt;a href="selenium-screenshot-2.png"&gt;&lt;img src="selenium-screenshot-2.png" width="800px"&gt;&lt;/a&gt;</msg>
<doc>Takes a screenshot of the current page and embeds it into a log file.</doc>
<status status="PASS" start="2024-03-28T18:37:13.675152" elapsed="0.108214"/>
</kw>
<kw name="Close Browser" owner="SeleniumLibrary">
<doc>Closes the current browser.</doc>
<status status="PASS" start="2024-03-28T18:37:13.783366" elapsed="2.232235"/>
</kw>
<status status="PASS" start="2024-03-28T18:37:13.674156" elapsed="2.342018"/>
</kw>
<doc>Esse teste verifica a remoção de um produto do carrinho de compras</doc>
<tag>remover_carrinho</tag>
<status status="PASS" start="2024-03-28T18:36:55.959648" elapsed="20.057521"/>
</test>
<doc>Essa suite testa o fluxo de adcionar produtos no carrinho</doc>
<status status="PASS" start="2024-03-28T18:36:55.811855" elapsed="20.207340"/>
</suite>
<statistics>
<total>
<stat pass="1" fail="0" skip="0">All Tests</stat>
</total>
<tag>
<stat pass="1" fail="0" skip="0">remover_carrinho</stat>
</tag>
<suite>
<stat pass="1" fail="0" skip="0" id="s1" name="Compratestebdd">Compratestebdd</stat>
</suite>
</statistics>
<errors>
</errors>
</robot>
